
[2310370] signal (2): Interrupt
in expression starting at /storage1/jonsilva/Active/m.max/projects/fluxcurv/src/main.jl:71
epoll_wait at /lib64/libc.so.6 (unknown line)
uv__io_poll at /workspace/srcdir/libuv/src/unix/epoll.c:236
uv_run at /workspace/srcdir/libuv/src/unix/core.c:400
ijl_task_get_next at /cache/build/builder-amdci5-1/julialang/julia-release-1-dot-10/src/partr.c:470
poptask at ./task.jl:985
wait at ./task.jl:994
#wait#645 at ./condition.jl:130
wait at ./condition.jl:125 [inlined]
take_buffered at ./channels.jl:477
take! at ./channels.jl:471
unknown function (ip: 0x153a2aae4f05)
_jl_invoke at /cache/build/builder-amdci5-1/julialang/julia-release-1-dot-10/src/gf.c:2894 [inlined]
ijl_apply_generic at /cache/build/builder-amdci5-1/julialang/julia-release-1-dot-10/src/gf.c:3076
take! at /storage1/jonsilva/Active/m.max/julia-1.10.2/share/julia/stdlib/v1.10/Distributed/src/remotecall.jl:726
#remotecall_fetch#159 at /storage1/jonsilva/Active/m.max/julia-1.10.2/share/julia/stdlib/v1.10/Distributed/src/remotecall.jl:461
remotecall_fetch at /storage1/jonsilva/Active/m.max/julia-1.10.2/share/julia/stdlib/v1.10/Distributed/src/remotecall.jl:454
unknown function (ip: 0x153a2aae4c30)
#remotecall_fetch#162 at /storage1/jonsilva/Active/m.max/julia-1.10.2/share/julia/stdlib/v1.10/Distributed/src/remotecall.jl:492 [inlined]
remotecall_fetch at /storage1/jonsilva/Active/m.max/julia-1.10.2/share/julia/stdlib/v1.10/Distributed/src/remotecall.jl:492 [inlined]
call_on_owner at /storage1/jonsilva/Active/m.max/julia-1.10.2/share/julia/stdlib/v1.10/Distributed/src/remotecall.jl:565 [inlined]
fetch at /storage1/jonsilva/Active/m.max/julia-1.10.2/share/julia/stdlib/v1.10/Distributed/src/remotecall.jl:619
iterate at ./generator.jl:47 [inlined]
_collect at ./array.jl:854
collect_similar at ./array.jl:763
unknown function (ip: 0x153a2aae4159)
_jl_invoke at /cache/build/builder-amdci5-1/julialang/julia-release-1-dot-10/src/gf.c:2894 [inlined]
ijl_apply_generic at /cache/build/builder-amdci5-1/julialang/julia-release-1-dot-10/src/gf.c:3076
map at ./abstractarray.jl:3285
unknown function (ip: 0x153a2aae3ac9)
_jl_invoke at /cache/build/builder-amdci5-1/julialang/julia-release-1-dot-10/src/gf.c:2894 [inlined]
ijl_apply_generic at /cache/build/builder-amdci5-1/julialang/julia-release-1-dot-10/src/gf.c:3076
jl_apply at /cache/build/builder-amdci5-1/julialang/julia-release-1-dot-10/src/julia.h:1982 [inlined]
do_call at /cache/build/builder-amdci5-1/julialang/julia-release-1-dot-10/src/interpreter.c:126
eval_value at /cache/build/builder-amdci5-1/julialang/julia-release-1-dot-10/src/interpreter.c:223
eval_body at /cache/build/builder-amdci5-1/julialang/julia-release-1-dot-10/src/interpreter.c:489
jl_interpret_toplevel_thunk at /cache/build/builder-amdci5-1/julialang/julia-release-1-dot-10/src/interpreter.c:775
jl_toplevel_eval_flex at /cache/build/builder-amdci5-1/julialang/julia-release-1-dot-10/src/toplevel.c:934
jl_toplevel_eval_flex at /cache/build/builder-amdci5-1/julialang/julia-release-1-dot-10/src/toplevel.c:877
ijl_toplevel_eval_in at /cache/build/builder-amdci5-1/julialang/julia-release-1-dot-10/src/toplevel.c:985
eval at ./boot.jl:385 [inlined]
include_string at ./loading.jl:2076
_jl_invoke at /cache/build/builder-amdci5-1/julialang/julia-release-1-dot-10/src/gf.c:2894 [inlined]
ijl_apply_generic at /cache/build/builder-amdci5-1/julialang/julia-release-1-dot-10/src/gf.c:3076
_include at ./loading.jl:2136
include at ./Base.jl:495
jfptr_include_46403.1 at /storage1/jonsilva/Active/m.max/julia-1.10.2/lib/julia/sys.so (unknown line)
_jl_invoke at /cache/build/builder-amdci5-1/julialang/julia-release-1-dot-10/src/gf.c:2894 [inlined]
ijl_apply_generic at /cache/build/builder-amdci5-1/julialang/julia-release-1-dot-10/src/gf.c:3076
exec_options at ./client.jl:318
_start at ./client.jl:552
jfptr__start_82738.1 at /storage1/jonsilva/Active/m.max/julia-1.10.2/lib/julia/sys.so (unknown line)
_jl_invoke at /cache/build/builder-amdci5-1/julialang/julia-release-1-dot-10/src/gf.c:2894 [inlined]
ijl_apply_generic at /cache/build/builder-amdci5-1/julialang/julia-release-1-dot-10/src/gf.c:3076
jl_apply at /cache/build/builder-amdci5-1/julialang/julia-release-1-dot-10/src/julia.h:1982 [inlined]
true_main at /cache/build/builder-amdci5-1/julialang/julia-release-1-dot-10/src/jlapi.c:582
jl_repl_entrypoint at /cache/build/builder-amdci5-1/julialang/julia-release-1-dot-10/src/jlapi.c:731
main at /cache/build/builder-amdci5-1/julialang/julia-release-1-dot-10/cli/loader_exe.c:58
__libc_start_main at /lib64/libc.so.6 (unknown line)
unknown function (ip: 0x4010b8)
unknown function (ip: (nil))
Allocations: 20907853 (Pool: 20408883; Big: 498970); GC: 79
Terminated
