
[1268407] signal (2): Interrupt
in expression starting at /storage1/jonsilva/Active/m.max/projects/fluxcurv/src/main.jl:71
epoll_wait at /lib64/libc.so.6 (unknown line)
uv__io_poll at /workspace/srcdir/libuv/src/unix/epoll.c:236
uv_run at /workspace/srcdir/libuv/src/unix/core.c:400
ijl_task_get_next at /cache/build/builder-amdci5-1/julialang/julia-release-1-dot-10/src/partr.c:470
poptask at ./task.jl:985
wait at ./task.jl:994
#wait#645 at ./condition.jl:130
wait at ./condition.jl:125 [inlined]
wait_readnb at ./stream.jl:416
eof at ./stream.jl:106
#37 at /storage1/jonsilva/Active/m.max/julia-1.10.2/share/julia/stdlib/v1.10/Distributed/src/cluster.jl:282
unknown function (ip: 0x151fe70dab82)
_jl_invoke at /cache/build/builder-amdci5-1/julialang/julia-release-1-dot-10/src/gf.c:2894 [inlined]
ijl_apply_generic at /cache/build/builder-amdci5-1/julialang/julia-release-1-dot-10/src/gf.c:3076
jl_apply at /cache/build/builder-amdci5-1/julialang/julia-release-1-dot-10/src/julia.h:1982 [inlined]
start_task at /cache/build/builder-amdci5-1/julialang/julia-release-1-dot-10/src/task.c:1238
unknown function (ip: (nil))
Allocations: 33069868 (Pool: 31213137; Big: 1856731); GC: 444
Terminated
