[Info] This log can be found at logs-3/0618872-log_2024-06-18_23-29-04.log.
[Info] nprocs = 201
[Info] Packages and prereqs loaded, running with allocated threads = 100.
[Info] n set to 7
[Info] wrote new pd to models/Jun18/0618872_n=7.model
[Info] [0] loss = 0.11586028253353536. took 17714.370923042297 sec. 100 threads.
[Info] [1] loss = 0.06113833059040766. took 18068.564555883408 sec. 100 threads.
[Info] [2] loss = 0.0508504330984786. took 19174.612216949463 sec. 100 threads.
[Info] [3] loss = 0.045536869179975674. took 19301.431959867477 sec. 100 threads.
[Info] [4] loss = 0.04495793676948329. took 19454.68230485916 sec. 100 threads.
[Info] [5] loss = 0.04239309868913569. took 19752.2612221241 sec. 100 threads.
[Info] [6] loss = 0.03571911365353099. took 19493.250047922134 sec. 100 threads.
[Info] [7] loss = 0.03405535280359776. took 19071.12095785141 sec. 100 threads.

------------------------------------------------------------
Sender: LSF System <lsfadmin@seas.wustl.edu>
Subject: Job 860627: <#!/bin/bash;#BSUB -q cpu-compute;#BSUB -n 200;#BSUB -R '(!gpu)';#BSUB -R "rusage[mem=64]";#BSUB -o /storage1/jonsilva/Active/m.max/Projects/fluxcurv/logs-3/bsub/output_%J.log;#BSUB -e /storage1/jonsilva/Active/m.max/Projects/fluxcurv/logs-3/bsub/error_%J.log; cd /storage1/jonsilva/Active/m.max/projects/fluxcurv; JULIA_DEPOT_PATH="/home/research/m.max/.julia" JULIA_WORKER_TIMEOUT='1700' /storage1/jonsilva/Active/m.max/julia-1.10.2/bin/julia --project="/storage1/jonsilva/Active/m.max/Projects/fluxcurv" --procs 200 src/main.jl 7> in cluster <SEAS-COMPUTE> Exited

Job <#!/bin/bash;#BSUB -q cpu-compute;#BSUB -n 200;#BSUB -R '(!gpu)';#BSUB -R "rusage[mem=64]";#BSUB -o /storage1/jonsilva/Active/m.max/Projects/fluxcurv/logs-3/bsub/output_%J.log;#BSUB -e /storage1/jonsilva/Active/m.max/Projects/fluxcurv/logs-3/bsub/error_%J.log; cd /storage1/jonsilva/Active/m.max/projects/fluxcurv; JULIA_DEPOT_PATH="/home/research/m.max/.julia" JULIA_WORKER_TIMEOUT='1700' /storage1/jonsilva/Active/m.max/julia-1.10.2/bin/julia --project="/storage1/jonsilva/Active/m.max/Projects/fluxcurv" --procs 200 src/main.jl 7> was submitted from host <lotus.engr.wustl.edu> by user <m.max> in cluster <SEAS-COMPUTE> at Tue Jun 18 23:18:17 2024
Job was executed on host(s) <100*amd128-2204.engr.wustl.edu>, in queue <cpu-compute>, as user <m.max> in cluster <SEAS-COMPUTE> at Tue Jun 18 23:18:20 2024
                            <100*amd128-2202.engr.wustl.edu>
</home/research/m.max> was used as the home directory.
</storage1/jonsilva/Active/m.max/Projects/fluxcurv> was used as the working directory.
Started at Tue Jun 18 23:18:20 2024
Terminated at Thu Jun 20 19:25:54 2024
Results reported at Thu Jun 20 19:25:54 2024

Your job looked like:

------------------------------------------------------------
# LSBATCH: User input
#!/bin/bash
#BSUB -q cpu-compute
#BSUB -n 200
#BSUB -R '(!gpu)'
#BSUB -R "rusage[mem=64]"
#BSUB -o /storage1/jonsilva/Active/m.max/Projects/fluxcurv/logs-3/bsub/output_%J.log
#BSUB -e /storage1/jonsilva/Active/m.max/Projects/fluxcurv/logs-3/bsub/error_%J.log

cd /storage1/jonsilva/Active/m.max/projects/fluxcurv

JULIA_DEPOT_PATH="/home/research/m.max/.julia" JULIA_WORKER_TIMEOUT='1700' /storage1/jonsilva/Active/m.max/julia-1.10.2/bin/julia --project="/storage1/jonsilva/Active/m.max/Projects/fluxcurv" --procs 200 src/main.jl 7
------------------------------------------------------------

TERM_OWNER: job killed by owner.
Exited with exit code 143.

Resource usage summary:

    CPU time :                                   5458709.00 sec.
    Max Memory :                                 102 GB
    Average Memory :                             88.72 GB
    Total Requested Memory :                     128.00 GB
    Delta Memory :                               26.00 GB
    Max Swap :                                   -
    Max Processes :                              206
    Max Threads :                                471
    Run time :                                   158852 sec.
    Turnaround time :                            158857 sec.

The output (if any) is above this job summary.



PS:

Read file </storage1/jonsilva/Active/m.max/Projects/fluxcurv/logs-3/bsub/error_860627.log> for stderr output of this job.

