[Info] This log can be found at logs-3/0620082-log_2024-06-20_09-39-39.log.
[Info] nprocs = 481
[Info] Packages and prereqs loaded, running with allocated threads = 240.
[Info] n set to 17
[Info] wrote new pd to models/Jun18/0620082_n=17.model
[Info] [0] loss = 0.08871237165321932. took 18061.14284515381 sec. 240 threads.

------------------------------------------------------------
Sender: LSF System <lsfadmin@seas.wustl.edu>
Subject: Job 860632: <#!/bin/bash;#BSUB -q cpu-compute-long;#BSUB -n 480;#BSUB -R '(!gpu)';#BSUB -R "rusage[mem=64]";#BSUB -o /storage1/jonsilva/Active/m.max/Projects/fluxcurv/logs-3/bsub/output_%J.log;#BSUB -e /storage1/jonsilva/Active/m.max/Projects/fluxcurv/logs-3/bsub/error_%J.log; cd /storage1/jonsilva/Active/m.max/projects/fluxcurv; JULIA_DEPOT_PATH="/home/research/m.max/.julia" JULIA_WORKER_TIMEOUT='1700' /storage1/jonsilva/Active/m.max/julia-1.10.2/bin/julia --project="/storage1/jonsilva/Active/m.max/Projects/fluxcurv" --procs 480 src/main.jl 17> in cluster <SEAS-COMPUTE> Exited

Job <#!/bin/bash;#BSUB -q cpu-compute-long;#BSUB -n 480;#BSUB -R '(!gpu)';#BSUB -R "rusage[mem=64]";#BSUB -o /storage1/jonsilva/Active/m.max/Projects/fluxcurv/logs-3/bsub/output_%J.log;#BSUB -e /storage1/jonsilva/Active/m.max/Projects/fluxcurv/logs-3/bsub/error_%J.log; cd /storage1/jonsilva/Active/m.max/projects/fluxcurv; JULIA_DEPOT_PATH="/home/research/m.max/.julia" JULIA_WORKER_TIMEOUT='1700' /storage1/jonsilva/Active/m.max/julia-1.10.2/bin/julia --project="/storage1/jonsilva/Active/m.max/Projects/fluxcurv" --procs 480 src/main.jl 17> was submitted from host <lotus.engr.wustl.edu> by user <m.max> in cluster <SEAS-COMPUTE> at Tue Jun 18 23:33:13 2024
Job was executed on host(s) <64*amd128-2304.engr.wustl.edu>, in queue <cpu-compute-long>, as user <m.max> in cluster <SEAS-COMPUTE> at Thu Jun 20 09:02:40 2024
                            <128*amd128-2301.engr.wustl.edu>
                            <40*amd128-2201.engr.wustl.edu>
                            <128*amd128-2302.engr.wustl.edu>
                            <4*amd128-2303.engr.wustl.edu>
                            <100*amd128-2203.engr.wustl.edu>
                            <16*amd128-2202.engr.wustl.edu>
</home/research/m.max> was used as the home directory.
</storage1/jonsilva/Active/m.max/Projects/fluxcurv> was used as the working directory.
Started at Thu Jun 20 09:02:40 2024
Terminated at Thu Jun 20 19:20:41 2024
Results reported at Thu Jun 20 19:20:41 2024

Your job looked like:

------------------------------------------------------------
# LSBATCH: User input
#!/bin/bash
#BSUB -q cpu-compute-long
#BSUB -n 480
#BSUB -R '(!gpu)'
#BSUB -R "rusage[mem=64]"
#BSUB -o /storage1/jonsilva/Active/m.max/Projects/fluxcurv/logs-3/bsub/output_%J.log
#BSUB -e /storage1/jonsilva/Active/m.max/Projects/fluxcurv/logs-3/bsub/error_%J.log

cd /storage1/jonsilva/Active/m.max/projects/fluxcurv

JULIA_DEPOT_PATH="/home/research/m.max/.julia" JULIA_WORKER_TIMEOUT='1700' /storage1/jonsilva/Active/m.max/julia-1.10.2/bin/julia --project="/storage1/jonsilva/Active/m.max/Projects/fluxcurv" --procs 480 src/main.jl 17
------------------------------------------------------------

TERM_OWNER: job killed by owner.
Exited with exit code 143.

Resource usage summary:

    CPU time :                                   4306184.00 sec.
    Max Memory :                                 230 GB
    Average Memory :                             185.51 GB
    Total Requested Memory :                     448.00 GB
    Delta Memory :                               218.00 GB
    Max Swap :                                   -
    Max Processes :                              486
    Max Threads :                                1031
    Run time :                                   37073 sec.
    Turnaround time :                            157648 sec.

The output (if any) is above this job summary.



PS:

Read file </storage1/jonsilva/Active/m.max/Projects/fluxcurv/logs-3/bsub/error_860632.log> for stderr output of this job.

