[Info] This log can be found at logs-3/0619484-log_2024-06-19_00-04-06.log.
[Info] nprocs = 481
[Info] Packages and prereqs loaded, running with allocated threads = 240.
[Info] n set to 17
[Info] wrote new pd to models/Jun18/0619484_n=17.model
[Info] [0] loss = 0.11303324984319321. took 15808.513277769089 sec. 240 threads.
[Info] [1] loss = 0.05363801766685341. took 18513.81675219536 sec. 240 threads.
[Info] [2] loss = 0.03931539901573479. took 19720.124919891357 sec. 240 threads.
[Info] [3] loss = 0.033176158682254285. took 20005.67301797867 sec. 240 threads.
[Info] [4] loss = 0.028751274446275534. took 19689.62017607689 sec. 240 threads.

------------------------------------------------------------
Sender: LSF System <lsfadmin@seas.wustl.edu>
Subject: Job 860628: <#!/bin/bash;#BSUB -q cpu-compute-long;#BSUB -n 480;#BSUB -R '(!gpu)';#BSUB -R "rusage[mem=64]";#BSUB -o /storage1/jonsilva/Active/m.max/Projects/fluxcurv/logs-3/bsub/output_%J.log;#BSUB -e /storage1/jonsilva/Active/m.max/Projects/fluxcurv/logs-3/bsub/error_%J.log; cd /storage1/jonsilva/Active/m.max/projects/fluxcurv; JULIA_DEPOT_PATH="/home/research/m.max/.julia" JULIA_WORKER_TIMEOUT='1700' /storage1/jonsilva/Active/m.max/julia-1.10.2/bin/julia --project="/storage1/jonsilva/Active/m.max/Projects/fluxcurv" --procs 480 src/main.jl 17> in cluster <SEAS-COMPUTE> Exited

Job <#!/bin/bash;#BSUB -q cpu-compute-long;#BSUB -n 480;#BSUB -R '(!gpu)';#BSUB -R "rusage[mem=64]";#BSUB -o /storage1/jonsilva/Active/m.max/Projects/fluxcurv/logs-3/bsub/output_%J.log;#BSUB -e /storage1/jonsilva/Active/m.max/Projects/fluxcurv/logs-3/bsub/error_%J.log; cd /storage1/jonsilva/Active/m.max/projects/fluxcurv; JULIA_DEPOT_PATH="/home/research/m.max/.julia" JULIA_WORKER_TIMEOUT='1700' /storage1/jonsilva/Active/m.max/julia-1.10.2/bin/julia --project="/storage1/jonsilva/Active/m.max/Projects/fluxcurv" --procs 480 src/main.jl 17> was submitted from host <lotus.engr.wustl.edu> by user <m.max> in cluster <SEAS-COMPUTE> at Tue Jun 18 23:20:18 2024
Job was executed on host(s) <128*amd128-2302.engr.wustl.edu>, in queue <cpu-compute-long>, as user <m.max> in cluster <SEAS-COMPUTE> at Tue Jun 18 23:20:33 2024
                            <64*amd128-2304.engr.wustl.edu>
                            <128*amd128-2301.engr.wustl.edu>
                            <32*amd128-2201.engr.wustl.edu>
                            <28*amd128-2202.engr.wustl.edu>
                            <100*amd128-2203.engr.wustl.edu>
</home/research/m.max> was used as the home directory.
</storage1/jonsilva/Active/m.max/Projects/fluxcurv> was used as the working directory.
Started at Tue Jun 18 23:20:33 2024
Terminated at Thu Jun 20 07:33:51 2024
Results reported at Thu Jun 20 07:33:51 2024

Your job looked like:

------------------------------------------------------------
# LSBATCH: User input
#!/bin/bash
#BSUB -q cpu-compute-long
#BSUB -n 480
#BSUB -R '(!gpu)'
#BSUB -R "rusage[mem=64]"
#BSUB -o /storage1/jonsilva/Active/m.max/Projects/fluxcurv/logs-3/bsub/output_%J.log
#BSUB -e /storage1/jonsilva/Active/m.max/Projects/fluxcurv/logs-3/bsub/error_%J.log

cd /storage1/jonsilva/Active/m.max/projects/fluxcurv

JULIA_DEPOT_PATH="/home/research/m.max/.julia" JULIA_WORKER_TIMEOUT='1700' /storage1/jonsilva/Active/m.max/julia-1.10.2/bin/julia --project="/storage1/jonsilva/Active/m.max/Projects/fluxcurv" --procs 480 src/main.jl 17
------------------------------------------------------------

Exited with exit code 1.

Resource usage summary:

    CPU time :                                   13802978.00 sec.
    Max Memory :                                 264 GB
    Average Memory :                             223.74 GB
    Total Requested Memory :                     384.00 GB
    Delta Memory :                               120.00 GB
    Max Swap :                                   -
    Max Processes :                              486
    Max Threads :                                1031
    Run time :                                   115995 sec.
    Turnaround time :                            116013 sec.

The output (if any) is above this job summary.



PS:

Read file </storage1/jonsilva/Active/m.max/Projects/fluxcurv/logs-3/bsub/error_860628.log> for stderr output of this job.

